<?xml version="1.0" encoding="UTF-8" ?>
<testsuite tests="17" failures="0" name="edu.uw.cs.FlightServiceTest" time="157.525" errors="0" skipped="0">
  <properties>
[...]
</properties>
  <testcase classname="edu.uw.cs.FlightServiceTest" name="runTest[0]" time="9.445"/>
  <testcase classname="edu.uw.cs.FlightServiceTest" name="runTest[1]" time="4.797"/>
  <testcase classname="edu.uw.cs.FlightServiceTest" name="runTest[2]" time="16.725"/>
  <testcase classname="edu.uw.cs.FlightServiceTest" name="runTest[3]" time="11.666"/>
  <testcase classname="edu.uw.cs.FlightServiceTest" name="runTest[4]" time="7.561"/>
  <testcase classname="edu.uw.cs.FlightServiceTest" name="runTest[5]" time="6.967"/>
  <testcase classname="edu.uw.cs.FlightServiceTest" name="runTest[6]" time="10.508"/>
  <testcase classname="edu.uw.cs.FlightServiceTest" name="runTest[7]" time="12.654"/>
  <testcase classname="edu.uw.cs.FlightServiceTest" name="runTest[8]" time="11.818"/>
  <testcase classname="edu.uw.cs.FlightServiceTest" name="runTest[9]" time="6.72"/>
  <testcase classname="edu.uw.cs.FlightServiceTest" name="runTest[10]" time="10.027"/>
  <testcase classname="edu.uw.cs.FlightServiceTest" name="runTest[11]" time="11.712"/>
  <testcase classname="edu.uw.cs.FlightServiceTest" name="runTest[12]" time="7.442"/>
  <testcase classname="edu.uw.cs.FlightServiceTest" name="runTest[13]" time="5.003"/>
  <testcase classname="edu.uw.cs.FlightServiceTest" name="runTest[14]" time="11.829"/>
  <testcase classname="edu.uw.cs.FlightServiceTest" name="runTest[15]" time="7.237"/>
  <testcase classname="edu.uw.cs.FlightServiceTest" name="runTest[16]" time="5.414"/>
</testsuite>